CuaHangThietBiOnline/app/build/intermediates/manifest_merge_blame_file/debug/manifest-merger-blame-debug-report.txt
1<?xml version="1.0" encoding="utf-8"?>
2<manifest xmlns:android="http://schemas.android.com/apk/res/android"
3    package="com.example.cuahangthietbionline"
4    android:versionCode="1"
5    android:versionName="1.0" >
6
7    <uses-sdk
8        android:minSdkVersion="21"
8-->src\main\AndroidManifest.xml
9        android:targetSdkVersion="31" />
9-->src\main\AndroidManifest.xml
10
11    <uses-permission android:name="android.permission.ACCESS_FINE_LOCATION" />
11-->src\main\AndroidManifest.xml:7:5-79
11-->src\main\AndroidManifest.xml:7:22-76
12    <uses-permission android:name="android.permission.INTERNET" />
12-->src\main\AndroidManifest.xml:8:5-67
12-->src\main\AndroidManifest.xml:8:22-64
13    <uses-permission android:name="android.permission.ACCESS_NETWORK_STATE" />
13-->src\main\AndroidManifest.xml:9:5-79
13-->src\main\AndroidManifest.xml:9:22-76
14
15    <uses-feature
15-->[com.google.android.gms:play-services-maps:18.1.0] AndroidManifest.xml:26:5-28:35
16        android:glEsVersion="0x00020000"
16-->[com.google.android.gms:play-services-maps:18.1.0] AndroidManifest.xml:27:9-41
17        android:required="true" />
17-->[com.google.android.gms:play-services-maps:18.1.0] AndroidManifest.xml:28:9-32
18
19    <queries>
19-->[com.google.android.gms:play-services-maps:18.1.0] AndroidManifest.xml:30:5-34:15
20
21        <!-- Needs to be explicitly declared on Android R+ -->
22        <package android:name="com.google.android.apps.maps" />
22-->[com.google.android.gms:play-services-maps:18.1.0] AndroidManifest.xml:33:9-64
22-->[com.google.android.gms:play-services-maps:18.1.0] AndroidManifest.xml:33:18-61
23    </queries>
24
25    <application
25-->src\main\AndroidManifest.xml:11:5-70:19
26        android:allowBackup="true"
26-->src\main\AndroidManifest.xml:12:9-35
27        android:appComponentFactory="androidx.core.app.CoreComponentFactory"
27-->[androidx.core:core:1.5.0] AndroidManifest.xml:24:18-86
28        android:debuggable="true"
29        android:icon="@mipmap/ic_launcher"
29-->src\main\AndroidManifest.xml:13:9-43
30        android:label="@string/app_name"
30-->src\main\AndroidManifest.xml:14:9-41
31        android:roundIcon="@mipmap/ic_launcher_round"
31-->src\main\AndroidManifest.xml:15:9-54
32        android:supportsRtl="true"
32-->src\main\AndroidManifest.xml:16:9-35
33        android:testOnly="true"
34        android:theme="@style/Theme.CuaHangThietBiOnline"
34-->src\main\AndroidManifest.xml:17:9-58
35        android:usesCleartextTraffic="true" >
35-->src\main\AndroidManifest.xml:18:9-44
36        <meta-data
36-->src\main\AndroidManifest.xml:19:9-118
37            android:name="com.google.android.geo.API_KEY"
37-->src\main\AndroidManifest.xml:19:20-65
38            android:value="@string/google_maps_key" />
38-->src\main\AndroidManifest.xml:19:66-105
39        <meta-data
39-->src\main\AndroidManifest.xml:20:9-102
40            android:name="com.google.android.gms.version"
40-->src\main\AndroidManifest.xml:20:20-65
41            android:exported="true"
41-->src\main\AndroidManifest.xml:20:66-89
42            android:value="@integer/google_play_services_version" />
42-->[com.google.maps.android:android-maps-utils:2.2.5] AndroidManifest.xml:12:13-66
43
44        <activity
44-->src\main\AndroidManifest.xml:21:9-23:40
45            android:name="com.example.cuahangthietbionline.StorageActivity"
45-->src\main\AndroidManifest.xml:22:13-44
46            android:exported="false" />
46-->src\main\AndroidManifest.xml:23:13-37
47        <activity
47-->src\main\AndroidManifest.xml:24:9-26:39
48            android:name="Activity.RegisterActivity"
48-->src\main\AndroidManifest.xml:25:13-53
49            android:exported="true" />
49-->src\main\AndroidManifest.xml:26:13-36
50        <!--
51             The API key for Google Maps-based APIs is defined as a string resource.
52             (See the file "res/values/google_maps_api.xml").
53             Note that the API key is linked to the encryption key used to sign the APK.
54             You need a different API key for each encryption key, including the release key that is used to
55             sign the APK for publishing.
56             You can define the keys for the debug and release targets in src/debug/ and src/release/.
57        -->
58        <meta-data
58-->src\main\AndroidManifest.xml:19:9-118
59            android:name="com.google.android.geo.API_KEY"
59-->src\main\AndroidManifest.xml:19:20-65
60            android:value="@string/google_maps_key" />
60-->src\main\AndroidManifest.xml:19:66-105
61
62        <activity
62-->src\main\AndroidManifest.xml:39:9-48:20
63            android:name="Activity.MainActivity"
63-->src\main\AndroidManifest.xml:40:13-49
64            android:exported="true"
64-->src\main\AndroidManifest.xml:41:13-36
65            android:label="@string/title_activity_thongtin" >
65-->src\main\AndroidManifest.xml:42:13-60
66            <intent-filter>
66-->src\main\AndroidManifest.xml:43:13-47:29
67                <action android:name="android.intent.action.MAIN" />
67-->src\main\AndroidManifest.xml:44:17-69
67-->src\main\AndroidManifest.xml:44:25-66
68
69                <category android:name="android.intent.category.LAUNCHER" />
69-->src\main\AndroidManifest.xml:46:17-77
69-->src\main\AndroidManifest.xml:46:27-74
70            </intent-filter>
71        </activity>
72        <activity
72-->src\main\AndroidManifest.xml:49:9-51:39
73            android:name="Activity.Thongtinnguoidung"
73-->src\main\AndroidManifest.xml:50:13-54
74            android:exported="true" />
74-->src\main\AndroidManifest.xml:51:13-36
75        <activity
75-->src\main\AndroidManifest.xml:52:9-54:39
76            android:name="Activity.Giohang"
76-->src\main\AndroidManifest.xml:53:13-44
77            android:exported="true" />
77-->src\main\AndroidManifest.xml:54:13-36
78        <activity
78-->src\main\AndroidManifest.xml:55:9-57:39
79            android:name="Activity.Chitietsanpham"
79-->src\main\AndroidManifest.xml:56:13-51
80            android:exported="true" />
80-->src\main\AndroidManifest.xml:57:13-36
81        <activity
81-->src\main\AndroidManifest.xml:58:9-60:39
82            android:name="Activity.ThongtinActivity"
82-->src\main\AndroidManifest.xml:59:13-53
83            android:exported="true" />
83-->src\main\AndroidManifest.xml:60:13-36
84        <activity
84-->src\main\AndroidManifest.xml:61:9-63:39
85            android:name="Activity.DienthoaiActivity"
85-->src\main\AndroidManifest.xml:62:13-54
86            android:exported="true" />
86-->src\main\AndroidManifest.xml:63:13-36
87        <activity
87-->src\main\AndroidManifest.xml:64:9-66:39
88            android:name="Activity.LoginActivity"
88-->src\main\AndroidManifest.xml:65:13-50
89            android:exported="true" />
89-->src\main\AndroidManifest.xml:66:13-36
90        <activity
90-->src\main\AndroidManifest.xml:67:9-69:39
91            android:name="Activity.LaptopActivity"
91-->src\main\AndroidManifest.xml:68:13-51
92            android:exported="true" />
92-->src\main\AndroidManifest.xml:69:13-36
93
94        <provider
94-->[com.squareup.picasso:picasso:2.71828] AndroidManifest.xml:8:9-11:40
95            android:name="com.squareup.picasso.PicassoProvider"
95-->[com.squareup.picasso:picasso:2.71828] AndroidManifest.xml:9:13-64
96            android:authorities="com.example.cuahangthietbionline.com.squareup.picasso"
96-->[com.squareup.picasso:picasso:2.71828] AndroidManifest.xml:10:13-72
97            android:exported="false" /> <!-- Needs to be explicitly declared on P+ -->
97-->[com.squareup.picasso:picasso:2.71828] AndroidManifest.xml:11:13-37
98        <uses-library
98-->[com.google.android.gms:play-services-maps:18.1.0] AndroidManifest.xml:39:9-41:40
99            android:name="org.apache.http.legacy"
99-->[com.google.android.gms:play-services-maps:18.1.0] AndroidManifest.xml:40:13-50
100            android:required="false" />
100-->[com.google.android.gms:play-services-maps:18.1.0] AndroidManifest.xml:41:13-37
101
102        <activity
102-->[com.google.android.gms:play-services-base:18.0.1] AndroidManifest.xml:20:9-22:45
103            android:name="com.google.android.gms.common.api.GoogleApiActivity"
103-->[com.google.android.gms:play-services-base:18.0.1] AndroidManifest.xml:20:19-85
104            android:exported="false"
104-->[com.google.android.gms:play-services-base:18.0.1] AndroidManifest.xml:22:19-43
105            android:theme="@android:style/Theme.Translucent.NoTitleBar" />
105-->[com.google.android.gms:play-services-base:18.0.1] AndroidManifest.xml:21:19-78
106    </application>
107
108</manifest>